#
# There is insufficient memory for the Java Runtime Environment to continue.
# Native memory allocation (malloc) failed to allocate 979856 bytes for Chunk::new
# Possible reasons:
#   The system is out of physical RAM or swap space
#   The process is running with CompressedOops enabled, and the Java Heap may be blocking the growth of the native heap
# Possible solutions:
#   Reduce memory load on the system
#   Increase physical memory or swap space
#   Check if swap backing store is full
#   Decrease Java heap size (-Xmx/-Xms)
#   Decrease number of Java threads
#   Decrease Java thread stack sizes (-Xss)
#   Set larger code cache with -XX:ReservedCodeCacheSize=
#   JVM is running with Zero Based Compressed Oops mode in which the Java heap is
#     placed in the first 32GB address space. The Java Heap base address is the
#     maximum limit for the native heap growth. Please use -XX:HeapBaseMinAddress
#     to set the Java Heap base and to place the Java Heap above 32GB virtual address.
# This output file may be truncated or incomplete.
#
#  Out of Memory Error (arena.cpp:184), pid=143348, tid=198116
#
# JRE version: OpenJDK Runtime Environment (19.0.2+7) (build 19.0.2+7-44)
# Java VM: OpenJDK 64-Bit Server VM (19.0.2+7-44, mixed mode, sharing, tiered, compressed oops, compressed class ptrs, g1 gc, windows-amd64)
# No core dump will be written. Minidumps are not enabled by default on client versions of Windows
#

---------------  S U M M A R Y ------------

Command Line: -javaagent:C:\Program Files\JetBrains\IntelliJ IDEA Community Edition 2023.1.1\lib\idea_rt.jar=57789:C:\Program Files\JetBrains\IntelliJ IDEA Community Edition 2023.1.1\bin -Dfile.encoding=UTF-8 -Dsun.stdout.encoding=UTF-8 -Dsun.stderr.encoding=UTF-8 com.manumb.productseurekaserver.ProductsEurekaServerApplication

Host: 11th Gen Intel(R) Core(TM) i7-1165G7 @ 2.80GHz, 8 cores, 15G,  Windows 11 , 64 bit Build 22000 (10.0.22000.2538)
Time: Thu May 30 12:38:59 2024 Hora estándar de Argentina elapsed time: 13.356605 seconds (0d 0h 0m 13s)

---------------  T H R E A D  ---------------

Current thread (0x00000299ae488950):  JavaThread "C2 CompilerThread0" daemon [_thread_in_native, id=198116, stack(0x000000d6b8700000,0x000000d6b8800000)]


Current CompileTask:
C2:  13356 5264       4       org.springframework.core.annotation.TypeMappedAnnotations$MergedAnnotationFinder::doWithAnnotations (10 bytes)

Stack: [0x000000d6b8700000,0x000000d6b8800000]
Native frames: (J=compiled Java code, j=interpreted, Vv=VM code, C=native code)
V  [jvm.dll+0x6ee21a]
V  [jvm.dll+0x85765e]
V  [jvm.dll+0x85904e]
V  [jvm.dll+0x859703]
V  [jvm.dll+0x28298f]
V  [jvm.dll+0xc9adf]
V  [jvm.dll+0xc9e65]
V  [jvm.dll+0x3bca12]
V  [jvm.dll+0x1ee29a]
V  [jvm.dll+0x24c52b]
V  [jvm.dll+0x24b781]
V  [jvm.dll+0x1d6ce1]
V  [jvm.dll+0x25b25a]
V  [jvm.dll+0x2596e8]
V  [jvm.dll+0x807588]
V  [jvm.dll+0x80125a]
V  [jvm.dll+0x6ecf0b]
C  [ucrtbase.dll+0x26c0c]
C  [KERNEL32.DLL+0x153e0]
C  [ntdll.dll+0x485b]


---------------  P R O C E S S  ---------------

Threads class SMR info:
_java_thread_list=0x00000299b324ca10, length=16, elements={
0x000002998b1417e0, 0x00000299ae46e1c0, 0x00000299ae470b00, 0x00000299ae4737d0,
0x00000299ae4741f0, 0x00000299ae4753b0, 0x00000299ae476570, 0x00000299ae488950,
0x00000299ae4851b0, 0x00000299ae48d960, 0x00000299ae43eb80, 0x00000299b2bce030,
0x00000299b2cf7e30, 0x00000299b5b65390, 0x00000299b5b64e40, 0x00000299b5b623c0
}

Java Threads: ( => current thread )
  0x000002998b1417e0 JavaThread "main" [_thread_in_Java, id=198164, stack(0x000000d6b7a00000,0x000000d6b7b00000)]
  0x00000299ae46e1c0 JavaThread "Reference Handler" daemon [_thread_blocked, id=196464, stack(0x000000d6b8100000,0x000000d6b8200000)]
  0x00000299ae470b00 JavaThread "Finalizer" daemon [_thread_blocked, id=178304, stack(0x000000d6b8200000,0x000000d6b8300000)]
  0x00000299ae4737d0 JavaThread "Signal Dispatcher" daemon [_thread_blocked, id=171704, stack(0x000000d6b8300000,0x000000d6b8400000)]
  0x00000299ae4741f0 JavaThread "Attach Listener" daemon [_thread_blocked, id=199600, stack(0x000000d6b8400000,0x000000d6b8500000)]
  0x00000299ae4753b0 JavaThread "Service Thread" daemon [_thread_blocked, id=172848, stack(0x000000d6b8500000,0x000000d6b8600000)]
  0x00000299ae476570 JavaThread "Monitor Deflation Thread" daemon [_thread_blocked, id=197500, stack(0x000000d6b8600000,0x000000d6b8700000)]
=>0x00000299ae488950 JavaThread "C2 CompilerThread0" daemon [_thread_in_native, id=198116, stack(0x000000d6b8700000,0x000000d6b8800000)]
  0x00000299ae4851b0 JavaThread "C1 CompilerThread0" daemon [_thread_blocked, id=198580, stack(0x000000d6b8800000,0x000000d6b8900000)]
  0x00000299ae48d960 JavaThread "Sweeper thread" daemon [_thread_blocked, id=198060, stack(0x000000d6b8900000,0x000000d6b8a00000)]
  0x00000299ae43eb80 JavaThread "Common-Cleaner" daemon [_thread_blocked, id=184308, stack(0x000000d6b8a00000,0x000000d6b8b00000)]
  0x00000299b2bce030 JavaThread "Monitor Ctrl-Break" daemon [_thread_in_native, id=196584, stack(0x000000d6b8b00000,0x000000d6b8c00000)]
  0x00000299b2cf7e30 JavaThread "Notification Thread" daemon [_thread_blocked, id=199580, stack(0x000000d6b8c00000,0x000000d6b8d00000)]
  0x00000299b5b65390 JavaThread "Catalina-utility-1" [_thread_blocked, id=191112, stack(0x000000d6b9600000,0x000000d6b9700000)]
  0x00000299b5b64e40 JavaThread "Catalina-utility-2" [_thread_blocked, id=195940, stack(0x000000d6b9700000,0x000000d6b9800000)]
  0x00000299b5b623c0 JavaThread "container-0" [_thread_blocked, id=183140, stack(0x000000d6b9800000,0x000000d6b9900000)]

Other Threads:
  0x00000299ae4510a0 VMThread "VM Thread" [stack: 0x000000d6b8000000,0x000000d6b8100000] [id=199100]
  0x00000299b2cf9000 WatcherThread "VM Periodic Task Thread" [stack: 0x000000d6b8d00000,0x000000d6b8e00000] [id=178296]
  0x000002998b1b4140 WorkerThread "GC Thread#0" [stack: 0x000000d6b7b00000,0x000000d6b7c00000] [id=197396]
  0x00000299b362fb80 WorkerThread "GC Thread#1" [stack: 0x000000d6b8e00000,0x000000d6b8f00000] [id=197408]
  0x00000299b362fe50 WorkerThread "GC Thread#2" [stack: 0x000000d6b8f00000,0x000000d6b9000000] [id=198596]
  0x00000299b362f040 WorkerThread "GC Thread#3" [stack: 0x000000d6b9000000,0x000000d6b9100000] [id=198888]
  0x00000299b362ed70 WorkerThread "GC Thread#4" [stack: 0x000000d6b9100000,0x000000d6b9200000] [id=190076]
  0x00000299b36303f0 WorkerThread "GC Thread#5" [stack: 0x000000d6b9200000,0x000000d6b9300000] [id=197448]
  0x00000299b36306c0 WorkerThread "GC Thread#6" [stack: 0x000000d6b9300000,0x000000d6b9400000] [id=197944]
  0x00000299b3630990 WorkerThread "GC Thread#7" [stack: 0x000000d6b9500000,0x000000d6b9600000] [id=195784]
  0x000002998b1c4f10 ConcurrentGCThread "G1 Main Marker" [stack: 0x000000d6b7c00000,0x000000d6b7d00000] [id=187848]
  0x000002998b1c60e0 WorkerThread "G1 Conc#0" [stack: 0x000000d6b7d00000,0x000000d6b7e00000] [id=106396]
  0x00000299b3630120 WorkerThread "G1 Conc#1" [stack: 0x000000d6b9400000,0x000000d6b9500000] [id=183268]
  0x000002998b1fe9c0 ConcurrentGCThread "G1 Refine#0" [stack: 0x000000d6b7e00000,0x000000d6b7f00000] [id=199016]
  0x00000299ae30be60 ConcurrentGCThread "G1 Service" [stack: 0x000000d6b7f00000,0x000000d6b8000000] [id=197712]

Threads with active compile tasks:
C2 CompilerThread0    13397 5264       4       org.springframework.core.annotation.TypeMappedAnnotations$MergedAnnotationFinder::doWithAnnotations (10 bytes)

VM state: not at safepoint (normal execution)

VM Mutex/Monitor currently owned by a thread: None

Heap address: 0x0000000703200000, size: 4046 MB, Compressed Oops mode: Zero based, Oop shift amount: 3

CDS archive(s) mapped at: [0x0000000800000000-0x0000000800c40000-0x0000000800c40000), size 12845056, SharedBaseAddress: 0x0000000800000000, ArchiveRelocationMode: 0.
Compressed class space mapped at: 0x0000000801000000-0x0000000841000000, reserved size: 1073741824
Narrow klass base: 0x0000000800000000, Narrow klass shift: 0, Narrow klass range: 0x100000000

GC Precious Log:
 CardTable entry size: 512
 Card Set container configuration: InlinePtr #cards 4 size 8 Array Of Cards #cards 16 size 48 Howl #buckets 8 coarsen threshold 3686 Howl Bitmap #cards 512 size 80 coarsen threshold 460 Card regions per heap region 1 cards per card region 4096
 CPUs: 8 total, 8 available
 Memory: 16183M
 Large Page Support: Disabled
 NUMA Support: Disabled
 Compressed Oops: Enabled (Zero based)
 Heap Region Size: 2M
 Heap Min Capacity: 8M
 Heap Initial Capacity: 254M
 Heap Max Capacity: 4046M
 Pre-touch: Disabled
 Parallel Workers: 8
 Concurrent Workers: 2
 Concurrent Refinement Workers: 8
 Periodic GC: Disabled

Heap:
 garbage-first heap   total 81920K, used 29561K [0x0000000703200000, 0x0000000800000000)
  region size 2048K, 3 young (6144K), 1 survivors (2048K)
 Metaspace       used 42539K, committed 43136K, reserved 1114112K
  class space    used 5433K, committed 5696K, reserved 1048576K

Heap Regions: E=young(eden), S=young(survivor), O=old, HS=humongous(starts), HC=humongous(continues), CS=collection set, F=free, OA=open archive, CA=closed archive, TAMS=top-at-mark-start (previous, next)
|   0|0x0000000703200000, 0x0000000703400000, 0x0000000703400000|100%| O|  |TAMS 0x0000000703400000, 0x0000000703200000| Untracked 
|   1|0x0000000703400000, 0x0000000703600000, 0x0000000703600000|100%| O|  |TAMS 0x0000000703600000, 0x0000000703400000| Untracked 
|   2|0x0000000703600000, 0x0000000703800000, 0x0000000703800000|100%| O|  |TAMS 0x0000000703800000, 0x0000000703600000| Untracked 
|   3|0x0000000703800000, 0x0000000703a00000, 0x0000000703a00000|100%| O|  |TAMS 0x0000000703800000, 0x0000000703800000| Untracked 
|   4|0x0000000703a00000, 0x0000000703c00000, 0x0000000703c00000|100%| O|  |TAMS 0x0000000703c00000, 0x0000000703a00000| Untracked 
|   5|0x0000000703c00000, 0x0000000703e00000, 0x0000000703e00000|100%| O|  |TAMS 0x0000000703e00000, 0x0000000703c00000| Untracked 
|   6|0x0000000703e00000, 0x0000000704000000, 0x0000000704000000|100%| O|  |TAMS 0x0000000704000000, 0x0000000703e00000| Untracked 
|   7|0x0000000704000000, 0x0000000704200000, 0x0000000704200000|100%| O|  |TAMS 0x0000000704200000, 0x0000000704000000| Untracked 
|   8|0x0000000704200000, 0x0000000704400000, 0x0000000704400000|100%| O|  |TAMS 0x0000000704400000, 0x0000000704200000| Untracked 
|   9|0x0000000704400000, 0x0000000704600000, 0x0000000704600000|100%| O|  |TAMS 0x0000000704400000, 0x0000000704400000| Untracked 
|  10|0x0000000704600000, 0x0000000704800000, 0x0000000704800000|100%| O|  |TAMS 0x0000000704600000, 0x0000000704600000| Untracked 
|  11|0x0000000704800000, 0x0000000704a00000, 0x0000000704a00000|100%| O|  |TAMS 0x0000000704800000, 0x0000000704800000| Untracked 
|  12|0x0000000704a00000, 0x0000000704a00000, 0x0000000704c00000|  0%| F|  |TAMS 0x0000000704a00000, 0x0000000704a00000| Untracked 
|  13|0x0000000704c00000, 0x0000000704c00000, 0x0000000704e00000|  0%| F|  |TAMS 0x0000000704c00000, 0x0000000704c00000| Untracked 
|  14|0x0000000704e00000, 0x0000000704e00000, 0x0000000705000000|  0%| F|  |TAMS 0x0000000704e00000, 0x0000000704e00000| Untracked 
|  15|0x0000000705000000, 0x0000000705000000, 0x0000000705200000|  0%| F|  |TAMS 0x0000000705000000, 0x0000000705000000| Untracked 
|  16|0x0000000705200000, 0x0000000705400000, 0x0000000705400000|100%| O|  |TAMS 0x0000000705200000, 0x0000000705200000| Untracked 
|  17|0x0000000705400000, 0x0000000705441a00, 0x0000000705600000| 12%| O|  |TAMS 0x0000000705400000, 0x0000000705400000| Untracked 
|  18|0x0000000705600000, 0x0000000705600000, 0x0000000705800000|  0%| F|  |TAMS 0x0000000705600000, 0x0000000705600000| Untracked 
|  19|0x0000000705800000, 0x0000000705800000, 0x0000000705a00000|  0%| F|  |TAMS 0x0000000705800000, 0x0000000705800000| Untracked 
|  20|0x0000000705a00000, 0x0000000705a00000, 0x0000000705c00000|  0%| F|  |TAMS 0x0000000705a00000, 0x0000000705a00000| Untracked 
|  21|0x0000000705c00000, 0x0000000705c00000, 0x0000000705e00000|  0%| F|  |TAMS 0x0000000705c00000, 0x0000000705c00000| Untracked 
|  22|0x0000000705e00000, 0x0000000705e00000, 0x0000000706000000|  0%| F|  |TAMS 0x0000000705e00000, 0x0000000705e00000| Untracked 
|  23|0x0000000706000000, 0x0000000706000000, 0x0000000706200000|  0%| F|  |TAMS 0x0000000706000000, 0x0000000706000000| Untracked 
|  24|0x0000000706200000, 0x0000000706200000, 0x0000000706400000|  0%| F|  |TAMS 0x0000000706200000, 0x0000000706200000| Untracked 
|  25|0x0000000706400000, 0x0000000706400000, 0x0000000706600000|  0%| F|  |TAMS 0x0000000706400000, 0x0000000706400000| Untracked 
|  26|0x0000000706600000, 0x0000000706600000, 0x0000000706800000|  0%| F|  |TAMS 0x0000000706600000, 0x0000000706600000| Untracked 
|  27|0x0000000706800000, 0x0000000706800000, 0x0000000706a00000|  0%| F|  |TAMS 0x0000000706800000, 0x0000000706800000| Untracked 
|  28|0x0000000706a00000, 0x0000000706a00000, 0x0000000706c00000|  0%| F|  |TAMS 0x0000000706a00000, 0x0000000706a00000| Untracked 
|  29|0x0000000706c00000, 0x0000000706c00000, 0x0000000706e00000|  0%| F|  |TAMS 0x0000000706c00000, 0x0000000706c00000| Untracked 
|  30|0x0000000706e00000, 0x0000000706e00000, 0x0000000707000000|  0%| F|  |TAMS 0x0000000706e00000, 0x0000000706e00000| Untracked 
|  31|0x0000000707000000, 0x0000000707000000, 0x0000000707200000|  0%| F|  |TAMS 0x0000000707000000, 0x0000000707000000| Untracked 
|  32|0x0000000707200000, 0x0000000707200000, 0x0000000707400000|  0%| F|  |TAMS 0x0000000707200000, 0x0000000707200000| Untracked 
|  33|0x0000000707400000, 0x0000000707400000, 0x0000000707600000|  0%| F|  |TAMS 0x0000000707400000, 0x0000000707400000| Untracked 
|  34|0x0000000707600000, 0x0000000707600000, 0x0000000707800000|  0%| F|  |TAMS 0x0000000707600000, 0x0000000707600000| Untracked 
|  35|0x0000000707800000, 0x0000000707800000, 0x0000000707a00000|  0%| F|  |TAMS 0x0000000707800000, 0x0000000707800000| Untracked 
|  36|0x0000000707a00000, 0x0000000707a00000, 0x0000000707c00000|  0%| F|  |TAMS 0x0000000707a00000, 0x0000000707a00000| Untracked 
|  72|0x000000070c200000, 0x000000070c3c2550, 0x000000070c400000| 87%| E|  |TAMS 0x000000070c200000, 0x000000070c200000| Complete 
|  73|0x000000070c400000, 0x000000070c49cbd0, 0x000000070c600000| 30%| S|CS|TAMS 0x000000070c400000, 0x000000070c400000| Complete 
| 126|0x0000000712e00000, 0x0000000713000000, 0x0000000713000000|100%| E|CS|TAMS 0x0000000712e00000, 0x0000000712e00000| Complete 

Card table byte_map: [0x00000299a2bb0000,0x00000299a33a0000] _byte_map_base: 0x000002999f397000

Marking Bits (Prev, Next): (CMBitMap*) 0x000002998b1b4770, (CMBitMap*) 0x000002998b1b47b0
 Prev Bits: [0x00000299a3b90000, 0x00000299a7ac8000)
 Next Bits: [0x00000299a7ad0000, 0x00000299aba08000)

Polling page: 0x00000299890e0000

Metaspace:

Usage:
  Non-class:     36.24 MB used.
      Class:      5.31 MB used.
       Both:     41.54 MB used.

Virtual space:
  Non-class space:       64.00 MB reserved,      36.56 MB ( 57%) committed,  1 nodes.
      Class space:        1.00 GB reserved,       5.56 MB ( <1%) committed,  1 nodes.
             Both:        1.06 GB reserved,      42.12 MB (  4%) committed. 

Chunk freelists:
   Non-Class:  3.16 MB
       Class:  2.45 MB
        Both:  5.61 MB

MaxMetaspaceSize: unlimited
CompressedClassSpaceSize: 1.00 GB
Initial GC threshold: 21.00 MB
Current GC threshold: 58.88 MB
CDS: on
MetaspaceReclaimPolicy: balanced
 - commit_granule_bytes: 65536.
 - commit_granule_words: 8192.
 - virtual_space_node_default_size: 8388608.
 - enlarge_chunks_in_place: 1.
 - new_chunks_are_fully_committed: 0.
 - uncommit_free_chunks: 1.
 - use_allocation_guard: 0.


Internal statistics:

num_allocs_failed_limit: 6.
num_arena_births: 830.
num_arena_deaths: 0.
num_vsnodes_births: 2.
num_vsnodes_deaths: 0.
num_space_committed: 674.
num_space_uncommitted: 0.
num_chunks_returned_to_freelist: 6.
num_chunks_taken_from_freelist: 2361.
num_chunk_merges: 6.
num_chunk_splits: 1627.
num_chunks_enlarged: 1229.
num_inconsistent_stats: 0.

CodeHeap 'non-profiled nmethods': size=120000Kb used=2409Kb max_used=2409Kb free=117590Kb
 bounds [0x000002999ab60000, 0x000002999add0000, 0x00000299a2090000]
CodeHeap 'profiled nmethods': size=120000Kb used=11408Kb max_used=11408Kb free=108591Kb
 bounds [0x0000029993090000, 0x0000029993bc0000, 0x000002999a5c0000]
CodeHeap 'non-nmethods': size=5760Kb used=1374Kb max_used=1405Kb free=4385Kb
 bounds [0x000002999a5c0000, 0x000002999a830000, 0x000002999ab60000]
 total_blobs=5892 nmethods=5296 adapters=506
 compilation: enabled
              stopped_count=0, restarted_count=0
 full_count=0

Compilation events (20 events):
Event: 13.197 Thread 0x00000299ae4851b0 5305       3       org.springframework.beans.factory.support.AbstractBeanFactory::getAliases (192 bytes)
Event: 13.207 Thread 0x00000299ae4851b0 nmethod 5305 0x0000029993ba4190 code [0x0000029993ba4700, 0x0000029993ba7a88]
Event: 13.207 Thread 0x00000299ae4851b0 5302       3       org.springframework.core.SimpleAliasRegistry$$Lambda$434/0x00000008012f06b0::<init> (20 bytes)
Event: 13.207 Thread 0x00000299ae4851b0 nmethod 5302 0x0000029993ba8d10 code [0x0000029993ba8ec0, 0x0000029993ba9158]
Event: 13.207 Thread 0x00000299ae4851b0 5303       3       org.springframework.core.SimpleAliasRegistry$$Lambda$434/0x00000008012f06b0::accept (24 bytes)
Event: 13.209 Thread 0x00000299ae4851b0 nmethod 5303 0x0000029993ba9210 code [0x0000029993ba9460, 0x0000029993ba9fd8]
Event: 13.209 Thread 0x00000299ae4851b0 5304       3       org.springframework.core.SimpleAliasRegistry::lambda$retrieveAliases$0 (24 bytes)
Event: 13.210 Thread 0x00000299ae4851b0 nmethod 5304 0x0000029993baa390 code [0x0000029993baa5c0, 0x0000029993baaed8]
Event: 13.210 Thread 0x00000299ae4851b0 5306   !   3       org.springframework.core.SimpleAliasRegistry::getAliases (38 bytes)
Event: 13.211 Thread 0x00000299ae4851b0 nmethod 5306 0x0000029993bab210 code [0x0000029993bab4a0, 0x0000029993bac468]
Event: 13.212 Thread 0x00000299ae4851b0 5308       1       org.springframework.beans.factory.support.AbstractAutowireCapableBeanFactory::getParameterNameDiscoverer (5 bytes)
Event: 13.212 Thread 0x00000299ae4851b0 nmethod 5308 0x000002999adba190 code [0x000002999adba320, 0x000002999adba3f8]
Event: 13.219 Thread 0x00000299ae4851b0 5309       3       org.springframework.beans.factory.config.DependencyDescriptor::getDependencyType (50 bytes)
Event: 13.220 Thread 0x00000299ae4851b0 nmethod 5309 0x0000029993bac990 code [0x0000029993bacba0, 0x0000029993bad278]
Event: 13.220 Thread 0x00000299ae4851b0 5312       3       java.lang.ThreadLocal$ThreadLocalMap::remove (68 bytes)
Event: 13.221 Thread 0x00000299ae4851b0 nmethod 5312 0x0000029993bad490 code [0x0000029993bad6a0, 0x0000029993badc88]
Event: 13.221 Thread 0x00000299ae4851b0 5310       3       java.lang.ThreadLocal::remove (8 bytes)
Event: 13.221 Thread 0x00000299ae4851b0 nmethod 5310 0x0000029993badf10 code [0x0000029993bae0e0, 0x0000029993bae3f8]
Event: 13.221 Thread 0x00000299ae4851b0 5311       3       java.lang.ThreadLocal::remove (23 bytes)
Event: 13.221 Thread 0x00000299ae4851b0 nmethod 5311 0x0000029993bae510 code [0x0000029993bae6c0, 0x0000029993bae958]

GC Heap History (20 events):
Event: 3.502 GC heap before
{Heap before GC invocations=1 (full 0):
 garbage-first heap   total 260096K, used 25575K [0x0000000703200000, 0x0000000800000000)
  region size 2048K, 12 young (24576K), 2 survivors (4096K)
 Metaspace       used 9901K, committed 10240K, reserved 1114112K
  class space    used 1162K, committed 1344K, reserved 1048576K
}
Event: 3.509 GC heap after
{Heap after GC invocations=2 (full 0):
 garbage-first heap   total 260096K, used 8950K [0x0000000703200000, 0x0000000800000000)
  region size 2048K, 1 young (2048K), 1 survivors (2048K)
 Metaspace       used 9901K, committed 10240K, reserved 1114112K
  class space    used 1162K, committed 1344K, reserved 1048576K
}
Event: 6.152 GC heap before
{Heap before GC invocations=2 (full 0):
 garbage-first heap   total 260096K, used 70390K [0x0000000703200000, 0x0000000800000000)
  region size 2048K, 32 young (65536K), 1 survivors (2048K)
 Metaspace       used 20505K, committed 20864K, reserved 1114112K
  class space    used 2372K, committed 2560K, reserved 1048576K
}
Event: 6.165 GC heap after
{Heap after GC invocations=3 (full 0):
 garbage-first heap   total 260096K, used 13538K [0x0000000703200000, 0x0000000800000000)
  region size 2048K, 4 young (8192K), 4 survivors (8192K)
 Metaspace       used 20505K, committed 20864K, reserved 1114112K
  class space    used 2372K, committed 2560K, reserved 1048576K
}
Event: 6.451 GC heap before
{Heap before GC invocations=3 (full 0):
 garbage-first heap   total 260096K, used 19682K [0x0000000703200000, 0x0000000800000000)
  region size 2048K, 8 young (16384K), 4 survivors (8192K)
 Metaspace       used 21188K, committed 21504K, reserved 1114112K
  class space    used 2473K, committed 2624K, reserved 1048576K
}
Event: 6.459 GC heap after
{Heap after GC invocations=4 (full 0):
 garbage-first heap   total 260096K, used 14199K [0x0000000703200000, 0x0000000800000000)
  region size 2048K, 4 young (8192K), 4 survivors (8192K)
 Metaspace       used 21188K, committed 21504K, reserved 1114112K
  class space    used 2473K, committed 2624K, reserved 1048576K
}
Event: 7.982 GC heap before
{Heap before GC invocations=5 (full 0):
 garbage-first heap   total 61440K, used 42871K [0x0000000703200000, 0x0000000800000000)
  region size 2048K, 18 young (36864K), 4 survivors (8192K)
 Metaspace       used 27612K, committed 28096K, reserved 1114112K
  class space    used 3308K, committed 3520K, reserved 1048576K
}
Event: 8.005 GC heap after
{Heap after GC invocations=6 (full 0):
 garbage-first heap   total 61440K, used 17445K [0x0000000703200000, 0x0000000800000000)
  region size 2048K, 3 young (6144K), 3 survivors (6144K)
 Metaspace       used 27612K, committed 28096K, reserved 1114112K
  class space    used 3308K, committed 3520K, reserved 1048576K
}
Event: 8.051 GC heap before
{Heap before GC invocations=6 (full 0):
 garbage-first heap   total 61440K, used 17445K [0x0000000703200000, 0x0000000800000000)
  region size 2048K, 4 young (8192K), 3 survivors (6144K)
 Metaspace       used 27628K, committed 28096K, reserved 1114112K
  class space    used 3308K, committed 3520K, reserved 1048576K
}
Event: 8.066 GC heap after
{Heap after GC invocations=7 (full 0):
 garbage-first heap   total 61440K, used 18395K [0x0000000703200000, 0x0000000800000000)
  region size 2048K, 1 young (2048K), 1 survivors (2048K)
 Metaspace       used 27628K, committed 28096K, reserved 1114112K
  class space    used 3308K, committed 3520K, reserved 1048576K
}
Event: 8.870 GC heap before
{Heap before GC invocations=7 (full 0):
 garbage-first heap   total 61440K, used 40923K [0x0000000703200000, 0x0000000800000000)
  region size 2048K, 12 young (24576K), 1 survivors (2048K)
 Metaspace       used 29558K, committed 30016K, reserved 1114112K
  class space    used 3563K, committed 3776K, reserved 1048576K
}
Event: 8.880 GC heap after
{Heap after GC invocations=8 (full 0):
 garbage-first heap   total 61440K, used 18774K [0x0000000703200000, 0x0000000800000000)
  region size 2048K, 1 young (2048K), 1 survivors (2048K)
 Metaspace       used 29558K, committed 30016K, reserved 1114112K
  class space    used 3563K, committed 3776K, reserved 1048576K
}
Event: 10.067 GC heap before
{Heap before GC invocations=8 (full 0):
 garbage-first heap   total 61440K, used 43350K [0x0000000703200000, 0x0000000800000000)
  region size 2048K, 13 young (26624K), 1 survivors (2048K)
 Metaspace       used 33440K, committed 34048K, reserved 1114112K
  class space    used 4112K, committed 4416K, reserved 1048576K
}
Event: 10.079 GC heap after
{Heap after GC invocations=9 (full 0):
 garbage-first heap   total 161792K, used 19656K [0x0000000703200000, 0x0000000800000000)
  region size 2048K, 2 young (4096K), 2 survivors (4096K)
 Metaspace       used 33440K, committed 34048K, reserved 1114112K
  class space    used 4112K, committed 4416K, reserved 1048576K
}
Event: 10.503 GC heap before
{Heap before GC invocations=9 (full 0):
 garbage-first heap   total 161792K, used 27848K [0x0000000703200000, 0x0000000800000000)
  region size 2048K, 7 young (14336K), 2 survivors (4096K)
 Metaspace       used 35454K, committed 35968K, reserved 1114112K
  class space    used 4409K, committed 4672K, reserved 1048576K
}
Event: 10.513 GC heap after
{Heap after GC invocations=10 (full 0):
 garbage-first heap   total 161792K, used 20262K [0x0000000703200000, 0x0000000800000000)
  region size 2048K, 2 young (4096K), 2 survivors (4096K)
 Metaspace       used 35454K, committed 35968K, reserved 1114112K
  class space    used 4409K, committed 4672K, reserved 1048576K
}
Event: 12.625 GC heap before
{Heap before GC invocations=11 (full 0):
 garbage-first heap   total 81920K, used 65318K [0x0000000703200000, 0x0000000800000000)
  region size 2048K, 24 young (49152K), 2 survivors (4096K)
 Metaspace       used 41422K, committed 42048K, reserved 1114112K
  class space    used 5288K, committed 5568K, reserved 1048576K
}
Event: 12.651 GC heap after
{Heap after GC invocations=12 (full 0):
 garbage-first heap   total 81920K, used 26932K [0x0000000703200000, 0x0000000800000000)
  region size 2048K, 3 young (6144K), 3 survivors (6144K)
 Metaspace       used 41422K, committed 42048K, reserved 1114112K
  class space    used 5288K, committed 5568K, reserved 1048576K
}
Event: 12.801 GC heap before
{Heap before GC invocations=12 (full 0):
 garbage-first heap   total 81920K, used 28980K [0x0000000703200000, 0x0000000800000000)
  region size 2048K, 4 young (8192K), 3 survivors (6144K)
 Metaspace       used 41878K, committed 42496K, reserved 1114112K
  class space    used 5350K, committed 5632K, reserved 1048576K
}
Event: 12.816 GC heap after
{Heap after GC invocations=13 (full 0):
 garbage-first heap   total 81920K, used 27513K [0x0000000703200000, 0x0000000800000000)
  region size 2048K, 1 young (2048K), 1 survivors (2048K)
 Metaspace       used 41878K, committed 42496K, reserved 1114112K
  class space    used 5350K, committed 5632K, reserved 1048576K
}

Dll operation events (14 events):
Event: 0.018 Loaded shared library C:\Users\Manuel\.jdks\openjdk-19.0.2\bin\java.dll
Event: 0.041 Loaded shared library C:\Users\Manuel\.jdks\openjdk-19.0.2\bin\jsvml.dll
Event: 0.313 Loaded shared library C:\Users\Manuel\.jdks\openjdk-19.0.2\bin\zip.dll
Event: 0.319 Loaded shared library C:\Users\Manuel\.jdks\openjdk-19.0.2\bin\instrument.dll
Event: 0.333 Loaded shared library C:\Users\Manuel\.jdks\openjdk-19.0.2\bin\net.dll
Event: 0.337 Loaded shared library C:\Users\Manuel\.jdks\openjdk-19.0.2\bin\nio.dll
Event: 0.344 Loaded shared library C:\Users\Manuel\.jdks\openjdk-19.0.2\bin\zip.dll
Event: 0.848 Loaded shared library C:\Program Files\JetBrains\IntelliJ IDEA Community Edition 2023.1.1\bin\breakgen64.dll
Event: 0.867 Loaded shared library C:\Users\Manuel\.jdks\openjdk-19.0.2\bin\extnet.dll
Event: 0.951 Loaded shared library C:\Users\Manuel\.jdks\openjdk-19.0.2\bin\jimage.dll
Event: 7.896 Loaded shared library C:\Users\Manuel\.jdks\openjdk-19.0.2\bin\sunmscapi.dll
Event: 7.942 Loaded shared library C:\Users\Manuel\.jdks\openjdk-19.0.2\bin\management.dll
Event: 7.949 Loaded shared library C:\Users\Manuel\.jdks\openjdk-19.0.2\bin\management_ext.dll
Event: 8.359 Loaded shared library C:\Users\Manuel\.jdks\openjdk-19.0.2\bin\verify.dll

Deoptimization events (20 events):
Event: 12.798 Thread 0x000002998b1417e0 Uncommon trap: trap_request=0xffffffd6 fr.pc=0x000002999adaa6ec relative=0x000000000000080c
Event: 12.798 Thread 0x000002998b1417e0 Uncommon trap: reason=array_check action=maybe_recompile pc=0x000002999adaa6ec method=java.util.AbstractCollection.toArray([Ljava/lang/Object;)[Ljava/lang/Object; @ 116 c2
Event: 12.798 Thread 0x000002998b1417e0 DEOPT PACKING pc=0x000002999adaa6ec sp=0x000000d6b7afd7a0
Event: 12.799 Thread 0x000002998b1417e0 DEOPT UNPACKING pc=0x000002999a62a5a3 sp=0x000000d6b7afd750 mode 2
Event: 12.799 Thread 0x000002998b1417e0 Uncommon trap: trap_request=0xffffffd6 fr.pc=0x000002999adaa6ec relative=0x000000000000080c
Event: 12.799 Thread 0x000002998b1417e0 Uncommon trap: reason=array_check action=maybe_recompile pc=0x000002999adaa6ec method=java.util.AbstractCollection.toArray([Ljava/lang/Object;)[Ljava/lang/Object; @ 116 c2
Event: 12.799 Thread 0x000002998b1417e0 DEOPT PACKING pc=0x000002999adaa6ec sp=0x000000d6b7afd610
Event: 12.799 Thread 0x000002998b1417e0 DEOPT UNPACKING pc=0x000002999a62a5a3 sp=0x000000d6b7afd5c0 mode 2
Event: 12.799 Thread 0x000002998b1417e0 Uncommon trap: trap_request=0xffffffd6 fr.pc=0x000002999adaa6ec relative=0x000000000000080c
Event: 12.799 Thread 0x000002998b1417e0 Uncommon trap: reason=array_check action=maybe_recompile pc=0x000002999adaa6ec method=java.util.AbstractCollection.toArray([Ljava/lang/Object;)[Ljava/lang/Object; @ 116 c2
Event: 12.799 Thread 0x000002998b1417e0 DEOPT PACKING pc=0x000002999adaa6ec sp=0x000000d6b7afd7e0
Event: 12.799 Thread 0x000002998b1417e0 DEOPT UNPACKING pc=0x000002999a62a5a3 sp=0x000000d6b7afd790 mode 2
Event: 12.800 Thread 0x000002998b1417e0 Uncommon trap: trap_request=0xffffffbe fr.pc=0x000002999adacf34 relative=0x0000000000000fd4
Event: 12.800 Thread 0x000002998b1417e0 Uncommon trap: reason=profile_predicate action=maybe_recompile pc=0x000002999adacf34 method=org.springframework.boot.context.properties.source.ConfigurationPropertyName.hashCode()I @ 58 c2
Event: 12.800 Thread 0x000002998b1417e0 DEOPT PACKING pc=0x000002999adacf34 sp=0x000000d6b7afd2e0
Event: 12.800 Thread 0x000002998b1417e0 DEOPT UNPACKING pc=0x000002999a62a5a3 sp=0x000000d6b7afd250 mode 2
Event: 12.854 Thread 0x000002998b1417e0 Uncommon trap: trap_request=0xffffffbe fr.pc=0x000002999adacf34 relative=0x0000000000000fd4
Event: 12.854 Thread 0x000002998b1417e0 Uncommon trap: reason=profile_predicate action=maybe_recompile pc=0x000002999adacf34 method=org.springframework.boot.context.properties.source.ConfigurationPropertyName.hashCode()I @ 58 c2
Event: 12.854 Thread 0x000002998b1417e0 DEOPT PACKING pc=0x000002999adacf34 sp=0x000000d6b7afd2f0
Event: 12.854 Thread 0x000002998b1417e0 DEOPT UNPACKING pc=0x000002999a62a5a3 sp=0x000000d6b7afd260 mode 2

Classes loaded (20 events):
Event: 12.383 Loading class java/util/concurrent/Flow$Publisher
Event: 12.384 Loading class java/util/concurrent/Flow$Publisher done
Event: 12.412 Loading class java/util/concurrent/CompletionStage
Event: 12.413 Loading class java/util/concurrent/CompletionStage done
Event: 12.456 Loading class java/util/concurrent/CompletableFuture
Event: 12.457 Loading class java/util/concurrent/CompletableFuture done
Event: 12.509 Loading class java/util/EnumMap$EntrySet
Event: 12.510 Loading class java/util/EnumMap$EntrySet done
Event: 12.510 Loading class java/util/EnumMap$EntryIterator
Event: 12.510 Loading class java/util/EnumMap$EnumMapIterator
Event: 12.511 Loading class java/util/EnumMap$EnumMapIterator done
Event: 12.511 Loading class java/util/EnumMap$EntryIterator done
Event: 12.512 Loading class java/lang/SafeVarargs
Event: 12.512 Loading class java/lang/SafeVarargs done
Event: 12.518 Loading class java/lang/reflect/MalformedParametersException
Event: 12.518 Loading class java/lang/reflect/MalformedParametersException done
Event: 12.736 Loading class java/nio/charset/UnsupportedCharsetException
Event: 12.737 Loading class java/nio/charset/UnsupportedCharsetException done
Event: 12.974 Loading class java/util/Comparators$NullComparator
Event: 12.974 Loading class java/util/Comparators$NullComparator done

Classes unloaded (0 events):
No events

Classes redefined (0 events):
No events

Internal exceptions (20 events):
Event: 8.450 Thread 0x000002998b1417e0 Exception <a 'java/lang/NoSuchMethodError'{0x00000007062e68b0}: 'java.lang.Object java.lang.invoke.DirectMethodHandle$Holder.newInvokeSpecial(java.lang.Object, java.lang.Object, int)'> (0x00000007062e68b0) 
thrown [s\open\src\hotspot\share\interpreter\linkResolver.cpp, line 774]
Event: 8.519 Thread 0x000002998b1417e0 Exception <a 'java/lang/NoSuchMethodError'{0x0000000705e0a590}: 'void java.lang.invoke.DirectMethodHandle$Holder.invokeInterface(java.lang.Object, java.lang.Object, int, java.lang.Object)'> (0x0000000705e0a590) 
thrown [s\open\src\hotspot\share\interpreter\linkResolver.cpp, line 774]
Event: 8.520 Thread 0x000002998b1417e0 Exception <a 'java/lang/NoSuchMethodError'{0x0000000705e0e4c0}: 'void java.lang.invoke.DelegatingMethodHandle$Holder.reinvoke_L(java.lang.Object, java.lang.Object, int, java.lang.Object)'> (0x0000000705e0e4c0) 
thrown [s\open\src\hotspot\share\interpreter\linkResolver.cpp, line 774]
Event: 8.528 Thread 0x000002998b1417e0 Exception <a 'java/lang/NoSuchMethodError'{0x0000000705e2dd78}: 'void java.lang.invoke.Invokers$Holder.invokeExact_MT(java.lang.Object, java.lang.Object, int, java.lang.Object)'> (0x0000000705e2dd78) 
thrown [s\open\src\hotspot\share\interpreter\linkResolver.cpp, line 774]
Event: 9.023 Thread 0x000002998b1417e0 Exception <a 'java/lang/NoSuchMethodError'{0x0000000712477670}: 'java.lang.Object java.lang.invoke.DirectMethodHandle$Holder.newInvokeSpecial(java.lang.Object, java.lang.Object, java.lang.Object, int, java.lang.Object, java.lang.Object)'> (0x0000000712477670) 
thrown [s\open\src\hotspot\share\interpreter\linkResolver.cpp, line 774]
Event: 9.066 Thread 0x000002998b1417e0 Implicit null exception at 0x000002999accbd50 to 0x000002999accbd77
Event: 9.407 Thread 0x000002998b1417e0 Exception <a 'java/lang/NoSuchMethodError'{0x0000000706338b38}: 'long java.lang.invoke.DirectMethodHandle$Holder.invokeVirtual(java.lang.Object, java.lang.Object)'> (0x0000000706338b38) 
thrown [s\open\src\hotspot\share\interpreter\linkResolver.cpp, line 774]
Event: 9.549 Thread 0x000002998b1417e0 Exception <a 'java/lang/NoSuchMethodError'{0x0000000705e22120}: 'java.lang.Object java.lang.invoke.DirectMethodHandle$Holder.invokeSpecial(java.lang.Object, java.lang.Object, java.lang.Object, long, int)'> (0x0000000705e22120) 
thrown [s\open\src\hotspot\share\interpreter\linkResolver.cpp, line 774]
Event: 9.976 Thread 0x000002998b1417e0 Exception <a 'java/lang/NoSuchMethodError'{0x00000007059f66c8}: 'java.lang.reflect.Constructor[] java.lang.Class.getDeclaredConstructors(java.lang.Class)'> (0x00000007059f66c8) 
thrown [s\open\src\hotspot\share\interpreter\linkResolver.cpp, line 774]
Event: 10.491 Thread 0x000002998b1417e0 Exception <a 'java/lang/NoSuchMethodError'{0x0000000712000478}: 'java.lang.reflect.Method[] java.lang.Class.getDeclaredMethods(java.lang.Class)'> (0x0000000712000478) 
thrown [s\open\src\hotspot\share\interpreter\linkResolver.cpp, line 774]
Event: 10.745 Thread 0x000002998b1417e0 Exception <a 'java/lang/NoSuchMethodError'{0x000000070788ba98}: 'int java.lang.invoke.DirectMethodHandle$Holder.invokeStatic(java.lang.Object, java.lang.Object, java.lang.Object, java.lang.Object, java.lang.Object)'> (0x000000070788ba98) 
thrown [s\open\src\hotspot\share\interpreter\linkResolver.cpp, line 774]
Event: 10.841 Thread 0x000002998b1417e0 Exception <a 'java/lang/NoSuchMethodError'{0x00000007076a24c8}: 'void java.lang.invoke.DirectMethodHandle$Holder.invokeInterface(java.lang.Object, java.lang.Object)'> (0x00000007076a24c8) 
thrown [s\open\src\hotspot\share\interpreter\linkResolver.cpp, line 774]
Event: 11.365 Thread 0x000002998b1417e0 Exception <a 'java/lang/NoSuchMethodError'{0x0000000706549eb8}: 'java.lang.Object java.lang.invoke.DirectMethodHandle$Holder.newInvokeSpecial(java.lang.Object, java.lang.Object, java.lang.Object, java.lang.Object, java.lang.Object, java.lang.Object)'> (0x0000000706549eb8) 
thrown [s\open\src\hotspot\share\interpreter\linkResolver.cpp, line 774]
Event: 11.533 Thread 0x000002998b1417e0 Exception <a 'sun/nio/fs/WindowsException'{0x00000007062eebc8}> (0x00000007062eebc8) 
thrown [s\open\src\hotspot\share\prims\jni.cpp, line 517]
Event: 11.757 Thread 0x000002998b1417e0 Exception <a 'java/lang/NoSuchMethodError'{0x0000000705e1f8e0}: 'java.lang.Object java.lang.invoke.DirectMethodHandle$Holder.newInvokeSpecial(java.lang.Object, java.lang.Object, java.lang.Object, java.lang.Object, java.lang.Object, java.lang.Object, java.lang.Object, java.lang.Object)'> (0x0000000705e1f8e0) 
thrown [s\open\src\hotspot\share\interpreter\linkResolver.cpp, line 774]
Event: 12.380 Thread 0x000002998b1417e0 Exception <a 'java/lang/NoSuchMethodError'{0x00000007056fd708}: 'int java.lang.invoke.DirectMethodHandle$Holder.invokeStatic(java.lang.Object)'> (0x00000007056fd708) 
thrown [s\open\src\hotspot\share\interpreter\linkResolver.cpp, line 774]
Event: 12.380 Thread 0x000002998b1417e0 Exception <a 'java/lang/NoSuchMethodError'{0x0000000705700db8}: 'int java.lang.invoke.DirectMethodHandle$Holder.invokeStaticInit(java.lang.Object)'> (0x0000000705700db8) 
thrown [s\open\src\hotspot\share\interpreter\linkResolver.cpp, line 774]
Event: 12.499 Thread 0x000002998b1417e0 Exception <a 'sun/nio/fs/WindowsException'{0x00000007055a85f0}> (0x00000007055a85f0) 
thrown [s\open\src\hotspot\share\prims\jni.cpp, line 517]
Event: 12.589 Thread 0x000002998b1417e0 Exception <a 'java/lang/NoSuchMethodError'{0x0000000705381190}: 'void java.lang.invoke.DirectMethodHandle$Holder.invokeVirtual(java.lang.Object, java.lang.Object, long)'> (0x0000000705381190) 
thrown [s\open\src\hotspot\share\interpreter\linkResolver.cpp, line 774]
Event: 13.218 Thread 0x000002998b1417e0 Exception <a 'java/lang/IncompatibleClassChangeError'{0x000000070c2e6068}: Found class java.lang.Object, but interface was expected> (0x000000070c2e6068) 
thrown [s\open\src\hotspot\share\interpreter\linkResolver.cpp, line 841]

VM Operations (20 events):
Event: 11.572 Executing VM operation: Cleanup
Event: 11.572 Executing VM operation: Cleanup done
Event: 11.932 Executing VM operation: HandshakeAllThreads
Event: 11.932 Executing VM operation: HandshakeAllThreads done
Event: 12.130 Executing VM operation: HandshakeAllThreads
Event: 12.130 Executing VM operation: HandshakeAllThreads done
Event: 12.478 Executing VM operation: HandshakeAllThreads
Event: 12.478 Executing VM operation: HandshakeAllThreads done
Event: 12.498 Executing VM operation: ICBufferFull
Event: 12.498 Executing VM operation: ICBufferFull done
Event: 12.625 Executing VM operation: G1CollectForAllocation
Event: 12.651 Executing VM operation: G1CollectForAllocation done
Event: 12.696 Executing VM operation: HandshakeAllThreads
Event: 12.696 Executing VM operation: HandshakeAllThreads done
Event: 12.701 Executing VM operation: HandshakeAllThreads
Event: 12.701 Executing VM operation: HandshakeAllThreads done
Event: 12.800 Executing VM operation: G1CollectForAllocation
Event: 12.816 Executing VM operation: G1CollectForAllocation done
Event: 12.824 Executing VM operation: HandshakeAllThreads
Event: 12.824 Executing VM operation: HandshakeAllThreads done

Events (20 events):
Event: 0.066 Thread 0x00000299ae470b00 Thread added: 0x00000299ae470b00
Event: 0.067 Thread 0x00000299ae4737d0 Thread added: 0x00000299ae4737d0
Event: 0.067 Thread 0x00000299ae4741f0 Thread added: 0x00000299ae4741f0
Event: 0.067 Thread 0x00000299ae4753b0 Thread added: 0x00000299ae4753b0
Event: 0.067 Thread 0x00000299ae476570 Thread added: 0x00000299ae476570
Event: 0.067 Thread 0x00000299ae488950 Thread added: 0x00000299ae488950
Event: 0.067 Thread 0x00000299ae4851b0 Thread added: 0x00000299ae4851b0
Event: 0.067 Thread 0x00000299ae48d960 Thread added: 0x00000299ae48d960
Event: 0.265 Thread 0x00000299ae43eb80 Thread added: 0x00000299ae43eb80
Event: 0.849 Thread 0x00000299b2bce030 Thread added: 0x00000299b2bce030
Event: 0.850 Thread 0x00000299b2cf7e30 Thread added: 0x00000299b2cf7e30
Event: 2.620 Thread 0x00000299b36dac80 Thread added: 0x00000299b36dac80
Event: 2.662 Thread 0x00000299b36dac80 Thread exited: 0x00000299b36dac80
Event: 3.199 Thread 0x00000299b37d1250 Thread added: 0x00000299b37d1250
Event: 4.421 Thread 0x00000299b37d1250 Thread exited: 0x00000299b37d1250
Event: 4.482 Thread 0x00000299b37d1250 Thread added: 0x00000299b37d1250
Event: 4.562 Thread 0x00000299b37d1250 Thread exited: 0x00000299b37d1250
Event: 11.935 Thread 0x00000299b5b65390 Thread added: 0x00000299b5b65390
Event: 11.940 Thread 0x00000299b5b64e40 Thread added: 0x00000299b5b64e40
Event: 11.949 Thread 0x00000299b5b623c0 Thread added: 0x00000299b5b623c0


Dynamic libraries:
0x00007ff7e3b40000 - 0x00007ff7e3b4e000 	C:\Users\Manuel\.jdks\openjdk-19.0.2\bin\java.exe
0x00007ffa77860000 - 0x00007ffa77a69000 	C:\Windows\SYSTEM32\ntdll.dll
0x00007ffa765c0000 - 0x00007ffa7667d000 	C:\Windows\System32\KERNEL32.DLL
0x00007ffa750a0000 - 0x00007ffa75424000 	C:\Windows\System32\KERNELBASE.dll
0x00007ffa74cf0000 - 0x00007ffa74e01000 	C:\Windows\System32\ucrtbase.dll
0x00007ffa57630000 - 0x00007ffa5764b000 	C:\Users\Manuel\.jdks\openjdk-19.0.2\bin\VCRUNTIME140.dll
0x00007ffa554b0000 - 0x00007ffa554c7000 	C:\Users\Manuel\.jdks\openjdk-19.0.2\bin\jli.dll
0x00007ffa76860000 - 0x00007ffa76a0d000 	C:\Windows\System32\USER32.dll
0x00007ffa53bf0000 - 0x00007ffa53e95000 	C:\Windows\WinSxS\amd64_microsoft.windows.common-controls_6595b64144ccf1df_6.0.22000.120_none_9d947278b86cc467\COMCTL32.dll
0x00007ffa75680000 - 0x00007ffa756a6000 	C:\Windows\System32\win32u.dll
0x00007ffa76790000 - 0x00007ffa76833000 	C:\Windows\System32\msvcrt.dll
0x00007ffa76d20000 - 0x00007ffa76d4a000 	C:\Windows\System32\GDI32.dll
0x00007ffa754f0000 - 0x00007ffa7560e000 	C:\Windows\System32\gdi32full.dll
0x00007ffa74e90000 - 0x00007ffa74f2d000 	C:\Windows\System32\msvcp_win.dll
0x00007ffa76750000 - 0x00007ffa76781000 	C:\Windows\System32\IMM32.DLL
0x00007ffa5cc90000 - 0x00007ffa5cc9c000 	C:\Users\Manuel\.jdks\openjdk-19.0.2\bin\vcruntime140_1.dll
0x00007ffa4b6e0000 - 0x00007ffa4b76e000 	C:\Users\Manuel\.jdks\openjdk-19.0.2\bin\msvcp140.dll
0x00007ffa079b0000 - 0x00007ffa08670000 	C:\Users\Manuel\.jdks\openjdk-19.0.2\bin\server\jvm.dll
0x00007ffa76a10000 - 0x00007ffa76abe000 	C:\Windows\System32\ADVAPI32.dll
0x00007ffa76ac0000 - 0x00007ffa76b5e000 	C:\Windows\System32\sechost.dll
0x00007ffa75890000 - 0x00007ffa759b1000 	C:\Windows\System32\RPCRT4.dll
0x00007ffa5ea10000 - 0x00007ffa5ea19000 	C:\Windows\SYSTEM32\WSOCK32.dll
0x00007ffa6a750000 - 0x00007ffa6a783000 	C:\Windows\SYSTEM32\WINMM.dll
0x00007ffa6a460000 - 0x00007ffa6a46a000 	C:\Windows\SYSTEM32\VERSION.dll
0x00007ffa75a70000 - 0x00007ffa75adf000 	C:\Windows\System32\WS2_32.dll
0x00007ffa73e50000 - 0x00007ffa73e68000 	C:\Windows\SYSTEM32\kernel.appcore.dll
0x00007ffa5c290000 - 0x00007ffa5c29a000 	C:\Users\Manuel\.jdks\openjdk-19.0.2\bin\jimage.dll
0x00007ffa72570000 - 0x00007ffa72791000 	C:\Windows\SYSTEM32\DBGHELP.DLL
0x00007ffa6ac80000 - 0x00007ffa6acb1000 	C:\Windows\SYSTEM32\dbgcore.DLL
0x00007ffa74e10000 - 0x00007ffa74e8f000 	C:\Windows\System32\bcryptPrimitives.dll
0x00007ffa5a940000 - 0x00007ffa5a94e000 	C:\Users\Manuel\.jdks\openjdk-19.0.2\bin\instrument.dll
0x00007ffa54f30000 - 0x00007ffa54f56000 	C:\Users\Manuel\.jdks\openjdk-19.0.2\bin\java.dll
0x00007ffa41040000 - 0x00007ffa41117000 	C:\Users\Manuel\.jdks\openjdk-19.0.2\bin\jsvml.dll
0x00007ffa75af0000 - 0x00007ffa762b5000 	C:\Windows\System32\SHELL32.dll
0x00007ffa72dd0000 - 0x00007ffa73632000 	C:\Windows\SYSTEM32\windows.storage.dll
0x00007ffa76e40000 - 0x00007ffa771b6000 	C:\Windows\System32\combase.dll
0x00007ffa72c60000 - 0x00007ffa72dc7000 	C:\Windows\SYSTEM32\wintypes.dll
0x00007ffa77730000 - 0x00007ffa7781a000 	C:\Windows\System32\SHCORE.dll
0x00007ffa766f0000 - 0x00007ffa7674d000 	C:\Windows\System32\shlwapi.dll
0x00007ffa74c20000 - 0x00007ffa74c45000 	C:\Windows\SYSTEM32\profapi.dll
0x00007ffa53130000 - 0x00007ffa53148000 	C:\Users\Manuel\.jdks\openjdk-19.0.2\bin\zip.dll
0x00007ffa54a00000 - 0x00007ffa54a13000 	C:\Users\Manuel\.jdks\openjdk-19.0.2\bin\net.dll
0x00007ffa6f710000 - 0x00007ffa6f824000 	C:\Windows\SYSTEM32\WINHTTP.dll
0x00007ffa74300000 - 0x00007ffa74367000 	C:\Windows\system32\mswsock.dll
0x00007ffa53ee0000 - 0x00007ffa53ef6000 	C:\Users\Manuel\.jdks\openjdk-19.0.2\bin\nio.dll
0x00007ffa51510000 - 0x00007ffa5152a000 	C:\Program Files\JetBrains\IntelliJ IDEA Community Edition 2023.1.1\bin\breakgen64.dll
0x00007ffa558d0000 - 0x00007ffa558d8000 	C:\Users\Manuel\.jdks\openjdk-19.0.2\bin\extnet.dll
0x00007ffa739b0000 - 0x00007ffa739dd000 	C:\Windows\SYSTEM32\IPHLPAPI.DLL
0x00007ffa764c0000 - 0x00007ffa764c9000 	C:\Windows\System32\NSI.dll
0x00007ffa6f5f0000 - 0x00007ffa6f609000 	C:\Windows\SYSTEM32\dhcpcsvc6.DLL
0x00007ffa6f880000 - 0x00007ffa6f89e000 	C:\Windows\SYSTEM32\dhcpcsvc.DLL
0x00007ffa73a30000 - 0x00007ffa73b17000 	C:\Windows\SYSTEM32\DNSAPI.dll
0x00007ffa6a450000 - 0x00007ffa6a45a000 	C:\Windows\System32\rasadhlp.dll
0x00007ffa6a470000 - 0x00007ffa6a4f1000 	C:\Windows\System32\fwpuclnt.dll
0x00007ffa74540000 - 0x00007ffa74558000 	C:\Windows\SYSTEM32\CRYPTSP.dll
0x00007ffa73db0000 - 0x00007ffa73de5000 	C:\Windows\system32\rsaenh.dll
0x00007ffa743f0000 - 0x00007ffa7441c000 	C:\Windows\SYSTEM32\USERENV.dll
0x00007ffa746c0000 - 0x00007ffa746e7000 	C:\Windows\SYSTEM32\bcrypt.dll
0x00007ffa74560000 - 0x00007ffa7456c000 	C:\Windows\SYSTEM32\CRYPTBASE.dll
0x00007ffa52720000 - 0x00007ffa5272e000 	C:\Users\Manuel\.jdks\openjdk-19.0.2\bin\sunmscapi.dll
0x00007ffa74f30000 - 0x00007ffa75092000 	C:\Windows\System32\CRYPT32.dll
0x00007ffa74690000 - 0x00007ffa746b8000 	C:\Windows\SYSTEM32\ncrypt.dll
0x00007ffa74650000 - 0x00007ffa74687000 	C:\Windows\SYSTEM32\NTASN1.dll
0x00007ffa582f0000 - 0x00007ffa582fa000 	C:\Users\Manuel\.jdks\openjdk-19.0.2\bin\management.dll
0x00007ffa52c20000 - 0x00007ffa52c2b000 	C:\Users\Manuel\.jdks\openjdk-19.0.2\bin\management_ext.dll
0x00007ffa75ae0000 - 0x00007ffa75ae8000 	C:\Windows\System32\PSAPI.DLL
0x00007ffa54fd0000 - 0x00007ffa54fe0000 	C:\Users\Manuel\.jdks\openjdk-19.0.2\bin\verify.dll

dbghelp: loaded successfully - version: 4.0.5 - missing functions: none
symbol engine: initialized successfully - sym options: 0x614 - pdb path: .;C:\Users\Manuel\.jdks\openjdk-19.0.2\bin;C:\Windows\SYSTEM32;C:\Windows\WinSxS\amd64_microsoft.windows.common-controls_6595b64144ccf1df_6.0.22000.120_none_9d947278b86cc467;C:\Users\Manuel\.jdks\openjdk-19.0.2\bin\server;C:\Program Files\JetBrains\IntelliJ IDEA Community Edition 2023.1.1\bin

VM Arguments:
jvm_args: -javaagent:C:\Program Files\JetBrains\IntelliJ IDEA Community Edition 2023.1.1\lib\idea_rt.jar=57789:C:\Program Files\JetBrains\IntelliJ IDEA Community Edition 2023.1.1\bin -Dfile.encoding=UTF-8 -Dsun.stdout.encoding=UTF-8 -Dsun.stderr.encoding=UTF-8 
java_command: com.manumb.productseurekaserver.ProductsEurekaServerApplication
java_class_path (initial): C:\Users\Manuel\Documents\DH\BACKEND_SPECIALIZATION\1-FRAMEWORK_SPRING_CLOUD\products-eureka-server\products-eureka-server\target\classes;C:\Users\Manuel\.m2\repository\org\springframework\boot\spring-boot-starter-web\3.1.4\spring-boot-starter-web-3.1.4.jar;C:\Users\Manuel\.m2\repository\org\springframework\boot\spring-boot-starter\3.1.4\spring-boot-starter-3.1.4.jar;C:\Users\Manuel\.m2\repository\org\springframework\boot\spring-boot\3.1.4\spring-boot-3.1.4.jar;C:\Users\Manuel\.m2\repository\org\springframework\boot\spring-boot-autoconfigure\3.1.4\spring-boot-autoconfigure-3.1.4.jar;C:\Users\Manuel\.m2\repository\org\springframework\boot\spring-boot-starter-logging\3.1.4\spring-boot-starter-logging-3.1.4.jar;C:\Users\Manuel\.m2\repository\ch\qos\logback\logback-classic\1.4.11\logback-classic-1.4.11.jar;C:\Users\Manuel\.m2\repository\ch\qos\logback\logback-core\1.4.11\logback-core-1.4.11.jar;C:\Users\Manuel\.m2\repository\org\apache\logging\log4j\log4j-to-slf4j\2.20.0\log4j-to-slf4j-2.20.0.jar;C:\Users\Manuel\.m2\repository\org\apache\logging\log4j\log4j-api\2.20.0\log4j-api-2.20.0.jar;C:\Users\Manuel\.m2\repository\org\slf4j\jul-to-slf4j\2.0.9\jul-to-slf4j-2.0.9.jar;C:\Users\Manuel\.m2\repository\jakarta\annotation\jakarta.annotation-api\2.1.1\jakarta.annotation-api-2.1.1.jar;C:\Users\Manuel\.m2\repository\org\yaml\snakeyaml\1.33\snakeyaml-1.33.jar;C:\Users\Manuel\.m2\repository\org\springframework\boot\spring-boot-starter-json\3.1.4\spring-boot-starter-json-3.1.4.jar;C:\Users\Manuel\.m2\repository\com\fasterxml\jackson\core\jackson-databind\2.15.2\jackson-databind-2.15.2.jar;C:\Users\Manuel\.m2\repository\com\fasterxml\jackson\core\jackson-annotations\2.15.2\jackson-annotations-2.15.2.jar;C:\Users\Manuel\.m2\repository\com\fasterxml\jackson\core\jackson-core\2.15.2\jackson-core-2.15.2.jar;C:\Users\Manuel\.m2\repository\com\fasterxml\jackson\datatype\jackson-datatype-jdk8\2.15.2\jackson-datatype-jdk8-2.15.2.jar;C:\Users\Manuel\.m2\repository\com\fasterxml\jackson\datatype\jackson-datatype-jsr310\2.15.2\jackson-datatype-jsr310-2.15.2.jar;C:\Users\Manuel\.m2\repository\com\fasterxml\jackson\module\jackson-module-parameter-names\2.15.2\jackson-module-parameter-names-2.15.2.jar;C:\Users\Manuel\.m2\repository\org\springframework\boot\spring-boot-starter-tomcat\3.1.4\spring-boot-starter-tomcat-3.1.4.jar;C:\Users\Manuel\.m2\repository\org\apache\tomcat\embed\tomcat-embed-core\10.1.13\tomcat-embed-core-10.1.13.jar;C:\Users\Manuel\.m2\repository\org\apache\tomcat\embed\tomcat-embed-el\10.1.13\tomcat-embed-el-10.1.13.jar;C:\Users\Manuel\.m2\repository\org\apache\tomcat\embed\tomcat-embed-websocket\10.1.13\tomcat-embed-websocket-10.1.13.jar;C:\Users\Manuel\.m2\repository\org\springframework\spring-web\6.0.12\spring-web-6.0.12.jar;C:\Users\Manuel\.m2\repository\org\springframework\spring-beans\6.0.12\spring-beans-6.0.12.jar;C:\Users\Manuel\.m2\repository\io\micrometer\micrometer-observation\1.11.4\micrometer-observation-1.11.4.jar;C:\Users\Manuel\.m2\repository\io\micrometer\micrometer-commons\1.11.4\micrometer-commons-1.11.4.jar;C:\Users\Manuel\.m2\repository\org\springframework\spring-webmvc\6.0.12\spring-webmvc-6.0.12.jar;C:\Users\Manuel\.m2\repository\org\springframework\spring-aop\6.0.12\spring-aop-6.0.12.jar;C:\Users\Manuel\.m2\repository\org\springframework\spring-context\6.0.12\spring-context-6.0.12.jar;C:\Users\Manuel\.m2\repository\org\springframework\spring-expression\6.0.12\spring-expression-6.0.12.jar;C:\Users\Manuel\.m2\repository\org\springframework\cloud\spring-cloud-starter-netflix-eureka-server\4.0.3\spring-cloud-starter-netflix-eureka-server-4.0.3.jar;C:\Users\Manuel\.m2\repository\org\springframework\cloud\spring-cloud-starter\4.0.4\spring-cloud-starter-4.0.4.jar;C:\Users\Manuel\.m2\repository\org\springframework\cloud\spring-cloud-context\4.0.4\spring-cloud-context-4.0.4.jar;C:\Users\Manuel\.m2\repository\org\springframework\security\spring-security-crypto\6.1.4\spring-security-crypto-6.1.4.jar;C:\Users\Manuel\.m2\repository\org\springframework\cloud\spring-cloud-commons\4.0.4\spring-cloud-commons-4.0.4.jar;C:\Users\Manuel\.m2\repository\org\springframework\security\spring-security-rsa\1.0.12.RELEASE\spring-security-rsa-1.0.12.RELEASE.jar;C:\Users\Manuel\.m2\repository\org\bouncycastle\bcpkix-jdk18on\1.73\bcpkix-jdk18on-1.73.jar;C:\Users\Manuel\.m2\repository\org\bouncycastle\bcprov-jdk18on\1.73\bcprov-jdk18on-1.73.jar;C:\Users\Manuel\.m2\repository\org\bouncycastle\bcutil-jdk18on\1.73\bcutil-jdk18on-1.73.jar;C:\Users\Manuel\.m2\repository\org\springframework\cloud\spring-cloud-netflix-eureka-server\4.0.3\spring-cloud-netflix-eureka-server-4.0.3.jar;C:\Users\Manuel\.m2\repository\org\springframework\boot\spring-boot-starter-actuator\3.1.4\spring-boot-starter-actuator-3.1.4.jar;C:\Users\Manuel\.m2\repository\org\springframework\boot\spring-boot-actuator-autoconfigure\3.1.4\spring-boot-actuator-autoconfigure-3.1.4.jar;C:\Users\Manuel\.m2\repository\org\springframework\boot\spring-boot-actuator\3.1.4\spring-boot-actuator-3.1.4.jar;C:\Users\Manuel\.m2\repository\io\micrometer\micrometer-core\1.11.4\micrometer-core-1.11.4.jar;C:\Users\Manuel\.m2\repository\org\hdrhistogram\HdrHistogram\2.1.12\HdrHistogram-2.1.12.jar;C:\Users\Manuel\.m2\repository\org\latencyutils\LatencyUtils\2.0.3\LatencyUtils-2.0.3.jar;C:\Users\Manuel\.m2\repository\org\springframework\boot\spring-boot-starter-freemarker\3.1.4\spring-boot-starter-freemarker-3.1.4.jar;C:\Users\Manuel\.m2\repository\org\freemarker\freemarker\2.3.32\freemarker-2.3.32.jar;C:\Users\Manuel\.m2\repository\org\springframework\spring-context-support\6.0.12\spring-context-support-6.0.12.jar;C:\Users\Manuel\.m2\repository\org\springframework\cloud\spring-cloud-netflix-eureka-client\4.0.3\spring-cloud-netflix-eureka-client-4.0.3.jar;C:\Users\Manuel\.m2\repository\com\netflix\eureka\eureka-client\2.0.1\eureka-client-2.0.1.jar;C:\Users\Manuel\.m2\repository\com\netflix\netflix-commons\netflix-eventbus\0.3.0\netflix-eventbus-0.3.0.jar;C:\Users\Manuel\.m2\repository\com\netflix\netflix-commons\netflix-infix\0.3.0\netflix-infix-0.3.0.jar;C:\Users\Manuel\.m2\repository\commons-jxpath\commons-jxpath\1.3\commons-jxpath-1.3.jar;C:\Users\Manuel\.m2\repository\joda-time\joda-time\2.3\joda-time-2.3.jar;C:\Users\Manuel\.m2\repository\org\antlr\antlr-runtime\3.4\antlr-runtime-3.4.jar;C:\Users\Manuel\.m2\repository\org\antlr\stringtemplate\3.2.1\stringtemplate-3.2.1.jar;C:\Users\Manuel\.m2\repository\antlr\antlr\2.7.7\antlr-2.7.7.jar;C:\Users\Manuel\.m2\repository\com\google\code\gson\gson\2.10.1\gson-2.10.1.jar;C:\Users\Manuel\.m2\repository\org\apache\commons\commons-math\2.2\commons-math-2.2.jar;C:\Users\Manuel\.m2\repository\com\thoughtworks\xstream\xstream\1.4.19\xstream-1.4.19.jar;C:\Users\Manuel\.m2\repository\io\github\x-stream\mxparser\1.2.2\mxparser-1.2.2.jar;C:\Users\Manuel\.m2\repository\xmlpull\xmlpull\1.1.3.1\xmlpull-1.1.3.1.jar;C:\Users\Manuel\.m2\repository\com\netflix\servo\servo-core\0.12.21\servo-core-0.12.21.jar;C:\Users\Manuel\.m2\repository\com\google\guava\guava\19.0\guava-19.0.jar;C:\Users\Manuel\.m2\repository\org\apache\httpcomponents\httpclient\4.5.3\httpclient-4.5.3.jar;C:\Users\Manuel\.m2\repository\org\apache\httpcomponents\httpcore\4.4.16\httpcore-4.4.16.jar;C:\Users\Manuel\.m2\repository\commons-codec\commons-codec\1.15\commons-codec-1.15.jar;C:\Users\Manuel\.m2\repository\commons-configuration\commons-configuration\1.10\commons-configuration-1.10.jar;C:\Users\Manuel\.m2\repository\commons-lang\commons-lang\2.6\commons-lang-2.6.jar;C:\Users\Manuel\.m2\repository\org\codehaus\jettison\jettison\1.4.0\jettison-1.4.0.jar;C:\Users\Manuel\.m2\repository\org\apache\httpcomponents\client5\httpclient5\5.2.1\httpclient5-5.2.1.jar;C:\Users\Manuel\.m2\repository\org\apache\httpcomponents\core5\httpcore5\5.2.2\httpcore5-5.2.2.jar;C:\Users\Manuel\.m2\repository\org\apache\httpcomponents\core5\httpcore5-h2\5.2.2\httpcore5-h2-5.2.2.jar;C:\Users\Manuel\.m2\repository\com\netflix\eureka\eureka-client-jersey3\2.0.1\eureka-client-jersey3-2.0.1.jar;C:\Users\Manuel\.m2\repository\org\glassfish\jersey\connectors\jersey-apache-connector\3.1.3\jersey-apache-connector-3.1.3.jar;C:\Users\Manuel\.m2\repository\com\netflix\eureka\eureka-core-jersey3\2.0.1\eureka-core-jersey3-2.0.1.jar;C:\Users\Manuel\.m2\repository\com\netflix\eureka\eureka-core\2.0.1\eureka-core-2.0.1.jar;C:\Users\Manuel\.m2\repository\jakarta\servlet\jakarta.servlet-api\6.0.0\jakarta.servlet-api-6.0.0.jar;C:\Users\Manuel\.m2\repository\org\glassfish\jersey\containers\jersey-container-servlet\3.1.3\jersey-container-servlet-3.1.3.jar;C:\Users\Manuel\.m2\repository\org\glassfish\jersey\containers\jersey-container-servlet-core\3.1.3\jersey-container-servlet-core-3.1.3.jar;C:\Users\Manuel\.m2\repository\org\glassfish\jersey\core\jersey-common\3.1.3\jersey-common-3.1.3.jar;C:\Users\Manuel\.m2\repository\org\glassfish\hk2\osgi-resource-locator\1.0.3\osgi-resource-locator-1.0.3.jar;C:\Users\Manuel\.m2\repository\jakarta\ws\rs\jakarta.ws.rs-api\3.1.0\jakarta.ws.rs-api-3.1.0.jar;C:\Users\Manuel\.m2\repository\org\glassfish\jersey\core\jersey-server\3.1.3\jersey-server-3.1.3.jar;C:\Users\Manuel\.m2\repository\jakarta\validation\jakarta.validation-api\3.0.2\jakarta.validation-api-3.0.2.jar;C:\Users\Manuel\.m2\repository\org\glassfish\jersey\core\jersey-client\3.1.3\jersey-client-3.1.3.jar;C:\Users\Manuel\.m2\repository\org\glassfish\jersey\inject\jersey-hk2\3.1.3\jersey-hk2-3.1.3.jar;C:\Users\Manuel\.m2\repository\org\glassfish\hk2\hk2-locator\3.0.4\hk2-locator-3.0.4.jar;C:\Users\Manuel\.m2\repository\org\glassfish\hk2\external\aopalliance-repackaged\3.0.4\aopalliance-repackaged-3.0.4.jar;C:\Users\Manuel\.m2\repository\org\glassfish\hk2\hk2-utils\3.0.4\hk2-utils-3.0.4.jar;C:\Users\Manuel\.m2\repository\org\javassist\javassist\3.29.2-GA\javassist-3.29.2-GA.jar;C:\Users\Manuel\.m2\repository\org\glassfish\hk2\spring-bridge\3.0.3\spring-bridge-3.0.3.jar;C:\Users\Manuel\.m2\repository\org\glassfish\hk2\hk2-api\3.0.3\hk2-api-3.0.3.jar;C:\Users\Manuel\.m2\repository\jakarta\inject\jakarta.inject-api\2.0.1\jakarta.inject-api-2.0.1.jar;C:\Users\Manuel\.m2\repository\com\fasterxml\jackson\dataformat\jackson-dataformat-xml\2.15.2\jackson-dataformat-xml-2.15.2.jar;C:\Users\Manuel\.m2\repository\org\codehaus\woodstox\stax2-api\4.2.1\stax2-api-4.2.1.jar;C:\Users\Manuel\.m2\repository\com\fasterxml\woodstox\woodstox-core\6.5.1\woodstox-core-6.5.1.jar;C:\Users\Manuel\.m2\repository\org\springframework\cloud\spring-cloud-starter-loadbalancer\4.0.4\spring-cloud-starter-loadbalancer-4.0.4.jar;C:\Users\Manuel\.m2\repository\org\springframework\cloud\spring-cloud-loadbalancer\4.0.4\spring-cloud-loadbalancer-4.0.4.jar;C:\Users\Manuel\.m2\repository\io\projectreactor\reactor-core\3.5.10\reactor-core-3.5.10.jar;C:\Users\Manuel\.m2\repository\org\reactivestreams\reactive-streams\1.0.4\reactive-streams-1.0.4.jar;C:\Users\Manuel\.m2\repository\io\projectreactor\addons\reactor-extra\3.5.1\reactor-extra-3.5.1.jar;C:\Users\Manuel\.m2\repository\org\springframework\boot\spring-boot-starter-cache\3.1.4\spring-boot-starter-cache-3.1.4.jar;C:\Users\Manuel\.m2\repository\com\stoyanr\evictor\1.0.0\evictor-1.0.0.jar;C:\Users\Manuel\.m2\repository\org\glassfish\jaxb\jaxb-runtime\4.0.3\jaxb-runtime-4.0.3.jar;C:\Users\Manuel\.m2\repository\org\glassfish\jaxb\jaxb-core\4.0.3\jaxb-core-4.0.3.jar;C:\Users\Manuel\.m2\repository\org\eclipse\angus\angus-activation\2.0.1\angus-activation-2.0.1.jar;C:\Users\Manuel\.m2\repository\org\glassfish\jaxb\txw2\4.0.3\txw2-4.0.3.jar;C:\Users\Manuel\.m2\repository\com\sun\istack\istack-commons-runtime\4.1.2\istack-commons-runtime-4.1.2.jar;C:\Users\Manuel\.m2\repository\org\slf4j\slf4j-api\2.0.9\slf4j-api-2.0.9.jar;C:\Users\Manuel\.m2\repository\jakarta\xml\bind\jakarta.xml.bind-api\4.0.1\jakarta.xml.bind-api-4.0.1.jar;C:\Users\Manuel\.m2\repository\jakarta\activation\jakarta.activation-api\2.1.2\jakarta.activation-api-2.1.2.jar;C:\Users\Manuel\.m2\repository\org\springframework\spring-core\6.0.12\spring-core-6.0.12.jar;C:\Users\Manuel\.m2\repository\org\springframework\spring-jcl\6.0.12\spring-jcl-6.0.12.jar
Launcher Type: SUN_STANDARD

[Global flags]
     intx CICompilerCount                          = 4                                         {product} {ergonomic}
     uint ConcGCThreads                            = 2                                         {product} {ergonomic}
     uint G1ConcRefinementThreads                  = 8                                         {product} {ergonomic}
   size_t G1HeapRegionSize                         = 2097152                                   {product} {ergonomic}
    uintx GCDrainStackTargetSize                   = 64                                        {product} {ergonomic}
   size_t InitialHeapSize                          = 266338304                                 {product} {ergonomic}
   size_t MarkStackSize                            = 4194304                                   {product} {ergonomic}
   size_t MaxHeapSize                              = 4242538496                                {product} {ergonomic}
   size_t MaxNewSize                               = 2543845376                                {product} {ergonomic}
   size_t MinHeapDeltaBytes                        = 2097152                                   {product} {ergonomic}
   size_t MinHeapSize                              = 8388608                                   {product} {ergonomic}
    uintx NonNMethodCodeHeapSize                   = 5839372                                {pd product} {ergonomic}
    uintx NonProfiledCodeHeapSize                  = 122909434                              {pd product} {ergonomic}
    uintx ProfiledCodeHeapSize                     = 122909434                              {pd product} {ergonomic}
    uintx ReservedCodeCacheSize                    = 251658240                              {pd product} {ergonomic}
     bool SegmentedCodeCache                       = true                                      {product} {ergonomic}
   size_t SoftMaxHeapSize                          = 4242538496                             {manageable} {ergonomic}
     bool UseCompressedClassPointers               = true                           {product lp64_product} {ergonomic}
     bool UseCompressedOops                        = true                           {product lp64_product} {ergonomic}
     bool UseG1GC                                  = true                                      {product} {ergonomic}
     bool UseLargePagesIndividualAllocation        = false                                  {pd product} {ergonomic}

Logging:
Log output configuration:
 #0: stdout all=warning uptime,level,tags foldmultilines=false
 #1: stderr all=off uptime,level,tags foldmultilines=false

Environment Variables:
PATH=C:\Program Files (x86)\VMware\VMware Workstation\bin\;C:\Program Files\Common Files\Oracle\Java\javapath;C:\Python310\Scripts\;C:\Python310\;C:\Windows\system32;C:\Windows;C:\Windows\System32\Wbem;C:\Windows\System32\WindowsPowerShell\v1.0\;C:\Windows\System32\OpenSSH\;C:\Program Files\dotnet\;C:\Program Files\Git\cmd;C:\Program Files\nodejs\;C:\ProgramData\chocolatey\bin;C:\HashiCorp\Vagrant\bin;C:\Program Files\PuTTY\;C:\Program Files\Docker\Docker\resources\bin;C:\Program Files\Amazon\AWSCLIV2\;C:\Users\Manuel\AppData\Local\Microsoft\WindowsApps;C:\Users\Manuel\AppData\Local\GitHubDesktop\bin;C:\Users\Manuel\AppData\Local\Programs\Microsoft VS Code\bin;C:\Users\Manuel\AppData\Roaming\npm
USERNAME=Manuel
OS=Windows_NT
PROCESSOR_IDENTIFIER=Intel64 Family 6 Model 140 Stepping 1, GenuineIntel
TMP=C:\Users\Manuel\AppData\Local\Temp
TEMP=C:\Users\Manuel\AppData\Local\Temp



---------------  S Y S T E M  ---------------

OS:
 Windows 11 , 64 bit Build 22000 (10.0.22000.2538)
OS uptime: 45 days 0:53 hours
Hyper-V role detected

CPU: total 8 (initial active 8) (4 cores per cpu, 2 threads per core) family 6 model 140 stepping 1 microcode 0x7e, cx8, cmov, fxsr, ht, mmx, 3dnowpref, sse, sse2, sse3, ssse3, sse4.1, sse4.2, popcnt, lzcnt, tsc, tscinvbit, avx, avx2, aes, erms, clmul, bmi1, bmi2, adx, avx512f, avx512dq, avx512cd, avx512bw, avx512vl, sha, fma, vzeroupper, avx512_vpopcntdq, avx512_vpclmulqdq, avx512_vaes, avx512_vnni, clflush, clflushopt, clwb, avx512_vbmi2, avx512_vbmi, hv, rdtscp, rdpid, fsrm, gfni, avx512_bitalg

Memory: 4k page, system-wide physical 16183M (12M free)
TotalPageFile size 65335M (AvailPageFile size 0M)
current process WorkingSet (physical memory assigned to process): 220M, peak: 220M
current process commit charge ("private bytes"): 257M, peak: 408M

vm_info: OpenJDK 64-Bit Server VM (19.0.2+7-44) for windows-amd64 JRE (19.0.2+7-44), built on 2022-11-30T18:02:09Z by "mach5one" with MS VC++ 17.1 (VS2022)

END.
